0 info it worked if it ends with ok
1 verbose cli [ '/usr/bin/node', '/usr/bin/npm', 'start' ]
2 info using npm@3.10.8
3 info using node@v6.9.1
4 verbose run-script [ 'prestart', 'start', 'poststart' ]
5 info lifecycle friendica@1.0.0~prestart: friendica@1.0.0
6 silly lifecycle friendica@1.0.0~prestart: no script for prestart, continuing
7 info lifecycle friendica@1.0.0~start: friendica@1.0.0
8 verbose lifecycle friendica@1.0.0~start: unsafe-perm in lifecycle true
9 verbose lifecycle friendica@1.0.0~start: PATH: /usr/lib/node_modules/npm/bin/node-gyp-bin:/home/pchandrasekar/Documents/graphDBPrototype/GraphQueryResearch/node_modules/.bin:/home/pchandrasekar/Documents/graphDBPrototype/mongodb/mongodb-linux-x86_64-3.6.4/bin:/home/pchandrasekar/Documents/graphDBPrototype/mongodb/bin:/usr/local/bin:/usr/bin:/usr/local/sbin:/usr/sbin:/home/pchandrasekar/.local/bin:/home/pchandrasekar/bin
10 verbose lifecycle friendica@1.0.0~start: CWD: /home/pchandrasekar/Documents/graphDBPrototype/GraphQueryResearch
11 silly lifecycle friendica@1.0.0~start: Args: [ '-c',
11 silly lifecycle   'mongod --dbpath /data/db & babel ./src --out-dir ./lib --save-dev babel-cli && babel-node --presets es2015 server.js' ]
12 silly lifecycle friendica@1.0.0~start: Returned: code: 1  signal: null
13 info lifecycle friendica@1.0.0~start: Failed to exec start script
14 verbose stack Error: friendica@1.0.0 start: `mongod --dbpath /data/db & babel ./src --out-dir ./lib --save-dev babel-cli && babel-node --presets es2015 server.js`
14 verbose stack Exit status 1
14 verbose stack     at EventEmitter.<anonymous> (/usr/lib/node_modules/npm/lib/utils/lifecycle.js:255:16)
14 verbose stack     at emitTwo (events.js:106:13)
14 verbose stack     at EventEmitter.emit (events.js:191:7)
14 verbose stack     at ChildProcess.<anonymous> (/usr/lib/node_modules/npm/lib/utils/spawn.js:40:14)
14 verbose stack     at emitTwo (events.js:106:13)
14 verbose stack     at ChildProcess.emit (events.js:191:7)
14 verbose stack     at maybeClose (internal/child_process.js:877:16)
14 verbose stack     at Process.ChildProcess._handle.onexit (internal/child_process.js:226:5)
15 verbose pkgid friendica@1.0.0
16 verbose cwd /home/pchandrasekar/Documents/graphDBPrototype/GraphQueryResearch
17 error Linux 3.10.0-123.el7.x86_64
18 error argv "/usr/bin/node" "/usr/bin/npm" "start"
19 error node v6.9.1
20 error npm  v3.10.8
21 error code ELIFECYCLE
22 error friendica@1.0.0 start: `mongod --dbpath /data/db & babel ./src --out-dir ./lib --save-dev babel-cli && babel-node --presets es2015 server.js`
22 error Exit status 1
23 error Failed at the friendica@1.0.0 start script 'mongod --dbpath /data/db & babel ./src --out-dir ./lib --save-dev babel-cli && babel-node --presets es2015 server.js'.
23 error Make sure you have the latest version of node.js and npm installed.
23 error If you do, this is most likely a problem with the friendica package,
23 error not with npm itself.
23 error Tell the author that this fails on your system:
23 error     mongod --dbpath /data/db & babel ./src --out-dir ./lib --save-dev babel-cli && babel-node --presets es2015 server.js
23 error You can get information on how to open an issue for this project with:
23 error     npm bugs friendica
23 error Or if that isn't available, you can get their info via:
23 error     npm owner ls friendica
23 error There is likely additional logging output above.
24 verbose exit [ 1, true ]
